c:\users\pandax40\source\repos\mcinstaller\mcinstaller\x64\release\vc143.pdb
c:\users\pandax40\source\repos\mcinstaller\mcinstaller\x64\release\mcinstaller.obj
c:\users\pandax40\source\repos\mcinstaller\mcinstaller\x64\release\filemanager.obj
c:\users\pandax40\source\repos\mcinstaller\mcinstaller\x64\release\datmodifier.obj
c:\users\pandax40\source\repos\mcinstaller\x64\release\mcinstaller.exe
c:\users\pandax40\source\repos\mcinstaller\mcinstaller\x64\release\mcinstaller.ipdb
c:\users\pandax40\source\repos\mcinstaller\x64\release\mcinstaller.pdb
c:\users\pandax40\source\repos\mcinstaller\mcinstaller\x64\release\mcinstaller.iobj
t:\github\mcinstaller\mcinstaller\x64\release\datmodifier.obj
t:\github\mcinstaller\mcinstaller\x64\release\filemanager.obj
t:\github\mcinstaller\mcinstaller\x64\release\mcinstaller.obj
t:\github\mcinstaller\mcinstaller\x64\release\mcinstaller.ipdb
t:\github\mcinstaller\mcinstaller\x64\release\mcinstaller.iobj
t:\github\mcinstaller\mcinstaller\x64\release\vc143.pdb
t:\github\mcinstaller\x64\release\mcinstaller.pdb
t:\github\mcinstaller\x64\release\mcinstaller.exe
t:\github\mcinstaller\mcinstaller\x64\release\mcinstaller.tlog\cl.command.1.tlog
t:\github\mcinstaller\mcinstaller\x64\release\mcinstaller.tlog\cl.items.tlog
t:\github\mcinstaller\mcinstaller\x64\release\mcinstaller.tlog\cl.read.1.tlog
t:\github\mcinstaller\mcinstaller\x64\release\mcinstaller.tlog\cl.write.1.tlog
t:\github\mcinstaller\mcinstaller\x64\release\mcinstaller.tlog\link.command.1.tlog
t:\github\mcinstaller\mcinstaller\x64\release\mcinstaller.tlog\link.read.1.tlog
t:\github\mcinstaller\mcinstaller\x64\release\mcinstaller.tlog\link.write.1.tlog
